[20:24:04:122] [INFO] - org.springframework.boot.StartupInfoLogger.logStarting(StartupInfoLogger.java:50) - Starting MySpringBootApplication on DESKTOP-B8Q7E9D with PID 20368 (E:\Code\Exerices\SpringBoot\target\classes started by hehaiyang in E:\Code\Exerices\SpringBoot)
[20:24:04:134] [INFO] - org.springframework.boot.SpringApplication.logStartupProfileInfo(SpringApplication.java:675) - No active profile set, falling back to default profiles: default
[20:24:05:081] [INFO] - org.springframework.data.repository.config.RepositoryConfigurationDelegate.multipleStoresDetected(RepositoryConfigurationDelegate.java:244) - Multiple Spring Data modules found, entering strict repository configuration mode!
[20:24:05:082] [INFO] - org.springframework.data.repository.config.RepositoryConfigurationDelegate.registerRepositoriesIn(RepositoryConfigurationDelegate.java:126) - Bootstrapping Spring Data repositories in DEFAULT mode.
[20:24:05:138] [INFO] - org.springframework.data.repository.config.RepositoryConfigurationDelegate.registerRepositoriesIn(RepositoryConfigurationDelegate.java:182) - Finished Spring Data repository scanning in 50ms. Found 4 repository interfaces.
[20:24:05:147] [INFO] - org.springframework.data.repository.config.RepositoryConfigurationDelegate.multipleStoresDetected(RepositoryConfigurationDelegate.java:244) - Multiple Spring Data modules found, entering strict repository configuration mode!
[20:24:05:147] [INFO] - org.springframework.data.repository.config.RepositoryConfigurationDelegate.registerRepositoriesIn(RepositoryConfigurationDelegate.java:126) - Bootstrapping Spring Data repositories in DEFAULT mode.
[20:24:05:162] [INFO] - org.springframework.data.repository.config.RepositoryConfigurationExtensionSupport.isStrictRepositoryCandidate(RepositoryConfigurationExtensionSupport.java:363) - Spring Data Redis - Could not safely identify store assignment for repository candidate interface com.springboot.demo.repository.HhyMoodRepository.
[20:24:05:163] [INFO] - org.springframework.data.repository.config.RepositoryConfigurationExtensionSupport.isStrictRepositoryCandidate(RepositoryConfigurationExtensionSupport.java:363) - Spring Data Redis - Could not safely identify store assignment for repository candidate interface com.springboot.demo.repository.HhyRoleRepository.
[20:24:05:163] [INFO] - org.springframework.data.repository.config.RepositoryConfigurationExtensionSupport.isStrictRepositoryCandidate(RepositoryConfigurationExtensionSupport.java:363) - Spring Data Redis - Could not safely identify store assignment for repository candidate interface com.springboot.demo.repository.HhyUserRepository.
[20:24:05:163] [INFO] - org.springframework.data.repository.config.RepositoryConfigurationExtensionSupport.isStrictRepositoryCandidate(RepositoryConfigurationExtensionSupport.java:363) - Spring Data Redis - Could not safely identify store assignment for repository candidate interface com.springboot.demo.repository.HhyUserRoleRelRepository.
[20:24:05:163] [INFO] - org.springframework.data.repository.config.RepositoryConfigurationDelegate.registerRepositoriesIn(RepositoryConfigurationDelegate.java:182) - Finished Spring Data repository scanning in 11ms. Found 0 repository interfaces.
[20:24:05:556] [INFO] - org.springframework.context.support.PostProcessorRegistrationDelegate$BeanPostProcessorChecker.postProcessAfterInitialization(PostProcessorRegistrationDelegate.java:330) - Bean 'org.springframework.retry.annotation.RetryConfiguration' of type [org.springframework.retry.annotation.RetryConfiguration$$EnhancerBySpringCGLIB$$64db13c8] is not eligible for getting processed by all BeanPostProcessors (for example: not eligible for auto-proxying)
[20:24:05:585] [INFO] - org.springframework.context.support.PostProcessorRegistrationDelegate$BeanPostProcessorChecker.postProcessAfterInitialization(PostProcessorRegistrationDelegate.java:330) - Bean 'org.springframework.transaction.annotation.ProxyTransactionManagementConfiguration' of type [org.springframework.transaction.annotation.ProxyTransactionManagementConfiguration$$EnhancerBySpringCGLIB$$6f177ba3] is not eligible for getting processed by all BeanPostProcessors (for example: not eligible for auto-proxying)
[20:24:05:796] [INFO] - org.springframework.boot.web.embedded.tomcat.TomcatWebServer.initialize(TomcatWebServer.java:90) - Tomcat initialized with port(s): 8080 (http)
[20:24:05:804] [INFO] - org.apache.juli.logging.DirectJDKLog.log(DirectJDKLog.java:173) - Initializing ProtocolHandler ["http-nio-8080"]
[20:24:05:809] [INFO] - org.apache.juli.logging.DirectJDKLog.log(DirectJDKLog.java:173) - Starting service [Tomcat]
[20:24:05:810] [INFO] - org.apache.juli.logging.DirectJDKLog.log(DirectJDKLog.java:173) - Starting Servlet engine: [Apache Tomcat/9.0.19]
[20:24:05:879] [INFO] - org.apache.juli.logging.DirectJDKLog.log(DirectJDKLog.java:173) - Initializing Spring embedded WebApplicationContext
[20:24:05:879] [INFO] - org.springframework.boot.web.servlet.context.ServletWebServerApplicationContext.prepareWebApplicationContext(ServletWebServerApplicationContext.java:296) - Root WebApplicationContext: initialization completed in 1680 ms
[20:24:06:499] [INFO] - com.alibaba.druid.spring.boot.autoconfigure.DruidDataSourceAutoConfigure.dataSource(DruidDataSourceAutoConfigure.java:56) - Init DruidDataSource
[20:24:06:729] [INFO] - com.alibaba.druid.pool.DruidDataSource.init(DruidDataSource.java:991) - {dataSource-1} inited
[20:24:06:911] [INFO] - org.hibernate.Version.logVersion(Version.java:46) - HHH000412: Hibernate Core {5.3.10.Final}
[20:24:06:913] [INFO] - org.hibernate.cfg.Environment.<clinit>(Environment.java:213) - HHH000206: hibernate.properties not found
[20:24:06:990] [INFO] - org.hibernate.annotations.common.reflection.java.JavaReflectionManager.<clinit>(JavaReflectionManager.java:49) - HCANN000001: Hibernate Commons Annotations {5.0.4.Final}
[20:24:07:097] [INFO] - org.hibernate.dialect.Dialect.<init>(Dialect.java:157) - HHH000400: Using dialect: org.hibernate.dialect.MySQL5Dialect
[20:24:07:540] [INFO] - org.springframework.orm.jpa.AbstractEntityManagerFactoryBean.buildNativeEntityManagerFactory(AbstractEntityManagerFactoryBean.java:415) - Initialized JPA EntityManagerFactory for persistence unit 'default'
[20:24:08:038] [INFO] - org.springframework.boot.web.servlet.DynamicRegistrationBean.register(DynamicRegistrationBean.java:111) - Filter webStatFilter was not registered (possibly already registered?)
[20:24:08:039] [INFO] - org.springframework.boot.web.servlet.DynamicRegistrationBean.register(DynamicRegistrationBean.java:111) - Servlet statViewServlet was not registered (possibly already registered?)
[20:24:08:079] [INFO] - org.hibernate.hql.internal.QueryTranslatorFactoryInitiator.initiateService(QueryTranslatorFactoryInitiator.java:47) - HHH000397: Using ASTQueryTranslatorFactory
[20:24:08:227] [INFO] - io.lettuce.core.EpollProvider.<clinit>(EpollProvider.java:68) - Starting without optional epoll library
[20:24:08:228] [INFO] - io.lettuce.core.KqueueProvider.<clinit>(KqueueProvider.java:70) - Starting without optional kqueue library
[20:24:08:574] [INFO] - com.springboot.demo.listener.HhyUserListener.contextInitialized(HhyUserListener.java:42) - ServletContext上下文初始化
[20:24:08:574] [INFO] - com.springboot.demo.listener.HhyUserListener.contextInitialized(HhyUserListener.java:43) - 缓存中目前的用户数有：4 人
[20:24:08:993] [INFO] - org.springframework.security.web.DefaultSecurityFilterChain.<init>(DefaultSecurityFilterChain.java:43) - Creating filter chain: any request, [org.springframework.security.web.context.request.async.WebAsyncManagerIntegrationFilter@602aeb87, org.springframework.security.web.context.SecurityContextPersistenceFilter@2e9dcdd3, org.springframework.security.web.header.HeaderWriterFilter@4e26040f, org.springframework.security.web.csrf.CsrfFilter@6f4f2cc0, org.springframework.security.web.authentication.logout.LogoutFilter@1eb52131, org.springframework.security.web.authentication.UsernamePasswordAuthenticationFilter@36fe83d, org.springframework.security.web.authentication.ui.DefaultLoginPageGeneratingFilter@35f22eef, org.springframework.security.web.authentication.ui.DefaultLogoutPageGeneratingFilter@423762ae, org.springframework.security.web.authentication.www.BasicAuthenticationFilter@247dcbba, org.springframework.security.web.savedrequest.RequestCacheAwareFilter@9a07409, org.springframework.security.web.servletapi.SecurityContextHolderAwareRequestFilter@6493f780, org.springframework.security.web.authentication.AnonymousAuthenticationFilter@7b58d678, org.springframework.security.web.session.SessionManagementFilter@8bde368, org.springframework.security.web.access.ExceptionTranslationFilter@38f63756, org.springframework.security.web.access.intercept.FilterSecurityInterceptor@6de9bba2]
[20:24:09:057] [INFO] - org.quartz.impl.StdSchedulerFactory.instantiate(StdSchedulerFactory.java:1172) - Using default implementation for ThreadExecutor
[20:24:09:065] [INFO] - org.quartz.core.SchedulerSignalerImpl.<init>(SchedulerSignalerImpl.java:61) - Initialized Scheduler Signaller of type: class org.quartz.core.SchedulerSignalerImpl
[20:24:09:065] [INFO] - org.quartz.core.QuartzScheduler.<init>(QuartzScheduler.java:240) - Quartz Scheduler v.2.2.3 created.
[20:24:09:065] [INFO] - org.quartz.simpl.RAMJobStore.initialize(RAMJobStore.java:155) - RAMJobStore initialized.
[20:24:09:066] [INFO] - org.quartz.core.QuartzScheduler.initialize(QuartzScheduler.java:305) - Scheduler meta-data: Quartz Scheduler (v2.2.3) 'scheduler' with instanceId 'NON_CLUSTERED'
  Scheduler class: 'org.quartz.core.QuartzScheduler' - running locally.
  NOT STARTED.
  Currently in standby mode.
  Number of jobs executed: 0
  Using thread pool 'org.quartz.simpl.SimpleThreadPool' - with 10 threads.
  Using job-store 'org.quartz.simpl.RAMJobStore' - which does not support persistence. and is not clustered.

[20:24:09:066] [INFO] - org.quartz.impl.StdSchedulerFactory.instantiate(StdSchedulerFactory.java:1327) - Quartz scheduler 'scheduler' initialized from an externally provided properties instance.
[20:24:09:066] [INFO] - org.quartz.impl.StdSchedulerFactory.instantiate(StdSchedulerFactory.java:1331) - Quartz scheduler version: 2.2.3
[20:24:09:067] [INFO] - org.quartz.core.QuartzScheduler.setJobFactory(QuartzScheduler.java:2311) - JobFactory set to: org.springframework.scheduling.quartz.AdaptableJobFactory@4ca907af
[20:24:09:255] [INFO] - org.springframework.scheduling.concurrent.ExecutorConfigurationSupport.initialize(ExecutorConfigurationSupport.java:171) - Initializing ExecutorService 'applicationTaskExecutor'
[20:24:09:285] [WARN] - org.springframework.boot.autoconfigure.orm.jpa.JpaBaseConfiguration$JpaWebConfiguration$JpaWebMvcConfiguration.openEntityManagerInViewInterceptor(JpaBaseConfiguration.java:237) - spring.jpa.open-in-view is enabled by default. Therefore, database queries may be performed during view rendering. Explicitly configure spring.jpa.open-in-view to disable this warning
[20:24:09:385] [WARN] - org.thymeleaf.templatemode.TemplateMode.parse(TemplateMode.java:150) - [THYMELEAF][main] Template Mode 'HTML5' is deprecated. Using Template Mode 'HTML' instead.
[20:24:09:806] [INFO] - org.springframework.boot.actuate.endpoint.web.EndpointLinksResolver.<init>(EndpointLinksResolver.java:59) - Exposing 14 endpoint(s) beneath base path '/actuator'
[20:24:09:840] [INFO] - org.springframework.scheduling.concurrent.ExecutorConfigurationSupport.initialize(ExecutorConfigurationSupport.java:171) - Initializing ExecutorService 'taskScheduler'
[20:24:09:912] [INFO] - org.springframework.scheduling.quartz.SchedulerFactoryBean.startScheduler(SchedulerFactoryBean.java:726) - Starting Quartz Scheduler now
[20:24:09:912] [INFO] - org.quartz.core.QuartzScheduler.start(QuartzScheduler.java:575) - Scheduler scheduler_$_NON_CLUSTERED started.
[20:24:10:006] [INFO] - com.springboot.demo.quartz.TestTask.run(TestTask.java:15) - ---定时器(TestTask)开始运行---
[20:24:10:086] [INFO] - org.apache.juli.logging.DirectJDKLog.log(DirectJDKLog.java:173) - Starting ProtocolHandler ["http-nio-8080"]
[20:24:10:094] [INFO] - org.springframework.boot.web.embedded.tomcat.TomcatWebServer.start(TomcatWebServer.java:204) - Tomcat started on port(s): 8080 (http) with context path ''
[20:24:10:096] [INFO] - org.springframework.boot.StartupInfoLogger.logStarted(StartupInfoLogger.java:59) - Started MySpringBootApplication in 6.183 seconds (JVM running for 6.941)
[20:24:10:405] [INFO] - org.apache.juli.logging.DirectJDKLog.log(DirectJDKLog.java:173) - Initializing Spring DispatcherServlet 'dispatcherServlet'
[20:24:10:405] [INFO] - org.springframework.web.servlet.FrameworkServlet.initServletBean(FrameworkServlet.java:524) - Initializing Servlet 'dispatcherServlet'
[20:24:10:419] [INFO] - org.springframework.web.servlet.FrameworkServlet.initServletBean(FrameworkServlet.java:546) - Completed initialization in 14 ms
